{
  "uid" : "a9bf6af012b6be1b",
  "name" : "Then I verify forecast is displayed for full address",
  "fullName" : "Verify user can search temperature using <dataType> | full address | 98 11th Ave, New York, NY |.Then I verify forecast is displayed for full address",
  "historyId" : "2e7134f04b15e4830b81d933fd3cfb61",
  "time" : {
    "start" : 1653523265722,
    "stop" : 1653523265738,
    "duration" : 16
  },
  "description" : "",
  "descriptionHtml" : "",
  "status" : "broken",
  "statusMessage" : "StaleElementReferenceException: The element reference of <span class=\"summary swap\"> is stale; either the element is no longer attached to the DOM, it is not in the current frame context, or the document has been refreshed\nFor documentation on this error, please visit: http://seleniumhq.org/exceptions/stale_element_reference.html\nBuild info: version: '3.4.0', revision: 'unknown', time: 'unknown'\nSystem info: host: 'SAUCE-WIN10', ip: '10.100.37.40', os.name: 'Windows 10', os.arch: 'amd64', os.version: '10.0', java.version: '1.8.0_131'\nDriver info: org.openqa.selenium.firefox.FirefoxDriver\nCapabilities [{moz:profile=C:\\Users\\sauce\\AppData\\Local\\Temp\\rust_mozprofilefu5PVA, moz:geckodriverVersion=0.30.0, timeouts={implicit=0.0, pageLoad=300000.0, script=30000.0}, pageLoadStrategy=normal, unhandledPromptBehavior=dismiss and notify, strictFileInteractability=false, moz:headless=false, platform=ANY, proxy=Proxy(), moz:accessibilityChecks=false, moz:useNonSpecCompliantPointerOrigin=false, acceptInsecureCerts=true, browserVersion=100.0, moz:shutdownTimeout=60000.0, platformVersion=10.0, moz:processID=1068.0, browserName=firefox, moz:buildID=20220428192727, javascriptEnabled=true, platformName=windows, setWindowRect=true, moz:webdriverClick=true}]\nSession ID: XXXXXXXX-XXXX-XXXX-XXXX-XXXXd286f203\nCommand duration or timeout: 0 milliseconds",
  "statusTrace" : "org.openqa.selenium.StaleElementReferenceException: The element reference of <span class=\"summary swap\"> is stale; either the element is no longer attached to the DOM, it is not in the current frame context, or the document has been refreshed\nFor documentation on this error, please visit: http://seleniumhq.org/exceptions/stale_element_reference.html\nBuild info: version: '3.4.0', revision: 'unknown', time: 'unknown'\nSystem info: host: 'SAUCE-WIN10', ip: '10.100.37.40', os.name: 'Windows 10', os.arch: 'amd64', os.version: '10.0', java.version: '1.8.0_131'\nDriver info: org.openqa.selenium.firefox.FirefoxDriver\nCapabilities [{moz:profile=C:\\Users\\sauce\\AppData\\Local\\Temp\\rust_mozprofilefu5PVA, moz:geckodriverVersion=0.30.0, timeouts={implicit=0.0, pageLoad=300000.0, script=30000.0}, pageLoadStrategy=normal, unhandledPromptBehavior=dismiss and notify, strictFileInteractability=false, moz:headless=false, platform=ANY, proxy=Proxy(), moz:accessibilityChecks=false, moz:useNonSpecCompliantPointerOrigin=false, acceptInsecureCerts=true, browserVersion=100.0, moz:shutdownTimeout=60000.0, platformVersion=10.0, moz:processID=1068.0, browserName=firefox, moz:buildID=20220428192727, javascriptEnabled=true, platformName=windows, setWindowRect=true, moz:webdriverClick=true}]\nSession ID: XXXXXXXX-XXXX-XXXX-XXXX-XXXXd286f203\nCommand duration or timeout: 0 milliseconds\n\tat sun.reflect.NativeConstructorAccessorImpl.newInstance0(Native Method)\n\tat sun.reflect.NativeConstructorAccessorImpl.newInstance(NativeConstructorAccessorImpl.java:62)\n\tat sun.reflect.DelegatingConstructorAccessorImpl.newInstance(DelegatingConstructorAccessorImpl.java:45)\n\tat java.lang.reflect.Constructor.newInstance(Constructor.java:423)\n\tat org.openqa.selenium.remote.ErrorHandler.createThrowable(ErrorHandler.java:214)\n\tat org.openqa.selenium.remote.ErrorHandler.throwIfResponseFailed(ErrorHandler.java:166)\n\tat org.openqa.selenium.remote.http.JsonHttpResponseCodec.reconstructValue(JsonHttpResponseCodec.java:40)\n\tat org.openqa.selenium.remote.http.AbstractHttpResponseCodec.decode(AbstractHttpResponseCodec.java:80)\n\tat org.openqa.selenium.remote.http.AbstractHttpResponseCodec.decode(AbstractHttpResponseCodec.java:44)\n\tat org.openqa.selenium.remote.HttpCommandExecutor.execute(HttpCommandExecutor.java:158)\n\tat org.openqa.selenium.remote.RemoteWebDriver.execute(RemoteWebDriver.java:552)\n\tat org.openqa.selenium.remote.RemoteWebElement.execute(RemoteWebElement.java:285)\n\tat org.openqa.selenium.remote.RemoteWebElement.isDisplayed(RemoteWebElement.java:326)\n\tat Pages.Commands.isElementDisplayed(Commands.java:86)\n\tat Pages.Darksky.LandingPage.isForecastDisplayed(LandingPage.java:53)\n\tat StepDefinition.Darksky.SearchSD.isForecastDisplayed(SearchSD.java:28)\n\tat âœ½.Then I verify forecast is displayed for full address(Darksky/search.feature:23)\nCaused by: org.openqa.selenium.StaleElementReferenceException: The element reference of <span class=\"summary swap\"> is stale; either the element is no longer attached to the DOM, it is not in the current frame context, or the document has been refreshed\nFor documentation on this error, please visit: http://seleniumhq.org/exceptions/stale_element_reference.html\nBuild info: version: '3.4.0', revision: 'unknown', time: 'unknown'\nSystem info: host: 'SAUCE-WIN10', ip: '10.100.37.40', os.name: 'Windows 10', os.arch: 'amd64', os.version: '10.0', java.version: '1.8.0_131'\nDriver info: org.openqa.selenium.firefox.FirefoxDriver\nCapabilities [{moz:profile=C:\\Users\\sauce\\AppData\\Local\\Temp\\rust_mozprofilefu5PVA, moz:geckodriverVersion=0.30.0, timeouts={implicit=0.0, pageLoad=300000.0, script=30000.0}, pageLoadStrategy=normal, unhandledPromptBehavior=dismiss and notify, strictFileInteractability=false, moz:headless=false, platform=ANY, proxy=Proxy(), moz:accessibilityChecks=false, moz:useNonSpecCompliantPointerOrigin=false, acceptInsecureCerts=true, browserVersion=100.0, moz:shutdownTimeout=60000.0, platformVersion=10.0, moz:processID=1068.0, browserName=firefox, moz:buildID=20220428192727, javascriptEnabled=true, platformName=windows, setWindowRect=true, moz:webdriverClick=true}]\nSession ID: XXXXXXXX-XXXX-XXXX-XXXX-XXXXd286f203\nFor documentation on this error, please visit: https://www.seleniumhq.org/exceptions/stale_element_reference.html\nBuild info: version: '3.141.59', revision: 'e82be7d358', time: '2018-11-14T08:17:03'\nSystem info: host: 'Deepaks-MBP', ip: 'fe80:0:0:0:41b:5618:b51:c56%en0', os.name: 'Mac OS X', os.arch: 'x86_64', os.version: '10.14.6', java.version: '1.8.0_144'\nDriver info: driver.version: RemoteWebDriver\n\tat sun.reflect.NativeConstructorAccessorImpl.newInstance0(Native Method)\n\tat sun.reflect.NativeConstructorAccessorImpl.newInstance(Unknown Source)\n\tat sun.reflect.DelegatingConstructorAccessorImpl.newInstance(Unknown Source)\n\tat java.lang.reflect.Constructor.newInstance(Unknown Source)\n\tat org.openqa.selenium.remote.http.W3CHttpResponseCodec.createException(W3CHttpResponseCodec.java:150)\n\tat org.openqa.selenium.remote.http.W3CHttpResponseCodec.decode(W3CHttpResponseCodec.java:115)\n\tat org.openqa.selenium.remote.http.W3CHttpResponseCodec.decode(W3CHttpResponseCodec.java:45)\n\tat org.openqa.selenium.remote.HttpCommandExecutor.execute(HttpCommandExecutor.java:164)\n\tat org.openqa.selenium.remote.service.DriverCommandExecutor.execute(DriverCommandExecutor.java:82)\n\tat org.openqa.selenium.remote.RemoteWebDriver.execute(RemoteWebDriver.java:637)\n\tat org.openqa.selenium.remote.RemoteWebElement.execute(RemoteWebElement.java:272)\n\tat org.openqa.selenium.remote.RemoteWebElement.isDisplayed(RemoteWebElement.java:313)\n\tat sun.reflect.NativeMethodAccessorImpl.invoke0(Native Method)\n\tat sun.reflect.NativeMethodAccessorImpl.invoke(Unknown Source)\n\tat sun.reflect.DelegatingMethodAccessorImpl.invoke(Unknown Source)\n\tat java.lang.reflect.Method.invoke(Unknown Source)\n\tat org.openqa.selenium.support.events.EventFiringWebDriver$EventFiringWebElement$1.invoke(EventFiringWebDriver.java:332)\n\tat com.sun.proxy.$Proxy5.isDisplayed(Unknown Source)\n\tat org.openqa.selenium.support.events.EventFiringWebDriver$EventFiringWebElement.isDisplayed(EventFiringWebDriver.java:386)\n\tat sun.reflect.NativeMethodAccessorImpl.invoke0(Native Method)\n\tat sun.reflect.NativeMethodAccessorImpl.invoke(Unknown Source)\n\tat sun.reflect.DelegatingMethodAccessorImpl.invoke(Unknown Source)\n\tat java.lang.reflect.Method.invoke(Unknown Source)\n\tat org.openqa.selenium.remote.server.KnownElements$1.invoke(KnownElements.java:64)\n\tat com.sun.proxy.$Proxy6.isDisplayed(Unknown Source)\n\tat org.openqa.selenium.remote.server.handler.GetElementDisplayed.call(GetElementDisplayed.java:32)\n\tat org.openqa.selenium.remote.server.handler.GetElementDisplayed.call(GetElementDisplayed.java:23)\n\tat java.util.concurrent.FutureTask.run(Unknown Source)\n\tat org.openqa.selenium.remote.server.DefaultSession$1.run(DefaultSession.java:176)\n\tat java.util.concurrent.ThreadPoolExecutor.runWorker(Unknown Source)\n\tat java.util.concurrent.ThreadPoolExecutor$Worker.run(Unknown Source)\n\tat java.lang.Thread.run(Unknown Source)\n",
  "flaky" : false,
  "newFailed" : false,
  "beforeStages" : [ ],
  "afterStages" : [ ],
  "labels" : [ {
    "name" : "feature",
    "value" : "Search"
  }, {
    "name" : "framework",
    "value" : "CucumberJVM"
  }, {
    "name" : "host",
    "value" : "Deepaks-MBP"
  }, {
    "name" : "language",
    "value" : "JAVA"
  }, {
    "name" : "story",
    "value" : "Verify user can search temperature using <dataType> | full address | 98 11th Ave, New York, NY |"
  }, {
    "name" : "thread",
    "value" : "7858@Deepaks-MBP.main(1)"
  }, {
    "name" : "suite",
    "value" : "Verify user can search temperature using <dataType> | full address | 98 11th Ave, New York, NY |"
  }, {
    "name" : "testClass",
    "value" : "Verify user can search temperature using <dataType> | full address | 98 11th Ave, New York, NY |"
  }, {
    "name" : "testMethod",
    "value" : "Then I verify forecast is displayed for full address"
  }, {
    "name" : "package",
    "value" : "Verify user can search temperature using <dataType> | full address | 98 11th Ave, New York, NY |"
  }, {
    "name" : "resultFormat",
    "value" : "allure1"
  } ],
  "parameters" : [ ],
  "links" : [ ],
  "hidden" : false,
  "retry" : false,
  "extra" : {
    "severity" : "normal",
    "retries" : [ ],
    "categories" : [ {
      "name" : "Test defects",
      "matchedStatuses" : [ ],
      "flaky" : false
    } ],
    "tags" : [ ]
  },
  "source" : "a9bf6af012b6be1b.json",
  "parameterValues" : [ ]
}